<?xml version='1.0' encoding='UTF-8'?>
<testsuites>
  <testsuite name="Test Suite" device="Medium_Phone_API_36.1" tests="1" failures="1" time="64.0">
    <testcase id="module-15.1.2-flow-08-trade-v2-components" name="module-15.1.2-flow-08-trade-v2-components" classname="module-15.1.2-flow-08-trade-v2-components" file=".maestro/module-15.1.2-flow-08-trade-v2-components.yaml" time="64.0" status="ERROR">
      <failure>Assertion is false: id: tab-discover is visible</failure>
    </testcase>
  </testsuite>
</testsuites>
