<?xml version='1.0' encoding='UTF-8'?>
<testsuites>
  <testsuite name="Test Suite" device="iPhone 16 Pro E2E - iOS 26.5 - 74209153-AB20-4414-A8A3-A5BF71FE7716" tests="1" failures="1" time="177.0">
    <testcase id="module-15.1.2-flow-08-trade-v2-components" name="module-15.1.2-flow-08-trade-v2-components" classname="module-15.1.2-flow-08-trade-v2-components" file=".maestro/module-15.1.2-flow-08-trade-v2-components.yaml" time="177.0" status="ERROR">
      <failure>Unknown error</failure>
    </testcase>
  </testsuite>
</testsuites>
